<?xml version="1.0" encoding="UTF-8"?>
<!-- Generated by org.testng.reporters.JUnitReportReporter -->
<testsuite hostname="Abdulraheem" failures="0" tests="4" name="magentoWebSiteTesting.MyFirstTest" time="2.674" errors="0" timestamp="2024-08-04T20:07:02 EET" skipped="3">
  <testcase classname="magentoWebSiteTesting.MyFirstTest" name="addMenItem" time="2.674"/>
  <system-out/>
  <testcase classname="magentoWebSiteTesting.MyFirstTest" name="CreateAnAccount">
    <skipped/>
  </testcase> <!-- CreateAnAccount -->
  <system-out/>
  <testcase classname="magentoWebSiteTesting.MyFirstTest" name="logOut">
    <skipped/>
  </testcase> <!-- logOut -->
  <system-out/>
  <testcase classname="magentoWebSiteTesting.MyFirstTest" name="loginTest">
    <skipped/>
  </testcase> <!-- loginTest -->
  <system-out/>
</testsuite> <!-- magentoWebSiteTesting.MyFirstTest -->
