<?xml version="1.0" encoding="UTF-8"?>
<!-- Generated by org.testng.reporters.JUnitReportReporter -->
<testsuite hostname="Abdulraheem" failures="0" tests="3" name="magentoWebSiteTesting.MyFirstTest" time="11.092" errors="0" timestamp="2024-08-01T19:34:49 EET" skipped="0">
  <testcase classname="magentoWebSiteTesting.MyFirstTest" name="CreateAnAccount" time="5.738"/>
  <system-out/>
  <testcase classname="magentoWebSiteTesting.MyFirstTest" name="logOut" time="2.233"/>
  <system-out/>
  <testcase classname="magentoWebSiteTesting.MyFirstTest" name="loginTest" time="3.121"/>
  <system-out/>
</testsuite> <!-- magentoWebSiteTesting.MyFirstTest -->
