<?xml version="1.0" encoding="UTF-8"?>
<!-- Generated by org.testng.reporters.JUnitReportReporter -->
<testsuite hostname="Abdulraheem" failures="0" tests="4" name="magentoWebSiteTesting.MyFirstTest" time="20.976" errors="0" timestamp="2024-08-08T18:37:21 EET" skipped="0">
  <testcase classname="magentoWebSiteTesting.MyFirstTest" name="CreateAnAccount" time="7.445"/>
  <system-out/>
  <testcase classname="magentoWebSiteTesting.MyFirstTest" name="logOut" time="1.530"/>
  <system-out/>
  <testcase classname="magentoWebSiteTesting.MyFirstTest" name="loginTest" time="7.688"/>
  <system-out/>
  <testcase classname="magentoWebSiteTesting.MyFirstTest" name="addMenItem" time="4.313"/>
  <system-out/>
</testsuite> <!-- magentoWebSiteTesting.MyFirstTest -->
