<?xml version="1.0" encoding="UTF-8"?>
<!-- Generated by org.testng.reporters.JUnitReportReporter -->
<testsuite hostname="Abdulraheem" failures="0" tests="5" name="magentoWebSiteTesting.MyFirstTest" time="16.205" errors="0" timestamp="2024-08-11T19:21:19 EET" skipped="4">
  <testcase classname="magentoWebSiteTesting.MyFirstTest" name="addWomenItem" time="16.205"/>
  <system-out/>
  <testcase classname="magentoWebSiteTesting.MyFirstTest" name="addMenItem">
    <skipped/>
  </testcase> <!-- addMenItem -->
  <system-out/>
  <testcase classname="magentoWebSiteTesting.MyFirstTest" name="CreateAnAccount">
    <skipped/>
  </testcase> <!-- CreateAnAccount -->
  <system-out/>
  <testcase classname="magentoWebSiteTesting.MyFirstTest" name="logOut">
    <skipped/>
  </testcase> <!-- logOut -->
  <system-out/>
  <testcase classname="magentoWebSiteTesting.MyFirstTest" name="loginTest">
    <skipped/>
  </testcase> <!-- loginTest -->
  <system-out/>
</testsuite> <!-- magentoWebSiteTesting.MyFirstTest -->
